c:\users\семья\desktop\alexey\учёба\github\progengelab4\debug\vc142.pdb
c:\users\семья\desktop\alexey\учёба\github\progengelab4\debug\vc142.idb
c:\users\семья\desktop\alexey\учёба\github\progengelab4\debug\func.obj
c:\users\семья\desktop\alexey\учёба\github\progengelab4\debug\progengelab4.obj
d:\laba4\progengelab4\debug\vc142.pdb
d:\laba4\progengelab4\debug\vc142.idb
d:\laba4\progengelab4\debug\progengelab4.obj
d:\laba4\progengelab4\debug\func.obj
c:\users\семья\desktop\alexey\учёба\github\progengelab4\debug\progengelab4.exe
c:\users\семья\desktop\alexey\учёба\github\progengelab4\debug\progengelab4.ilk
c:\users\семья\desktop\alexey\учёба\github\progengelab4\debug\progengelab4.pdb
d:\laba4\progengelab4\debug\progengelab4.ilk
d:\laba4\progengelab4\debug\progengelab4.exe
d:\laba4\progengelab4\debug\progengelab4.pdb
d:\laba4\progengelab4\debug\progengelab4.tlog\cl.command.1.tlog
d:\laba4\progengelab4\debug\progengelab4.tlog\cl.read.1.tlog
d:\laba4\progengelab4\debug\progengelab4.tlog\cl.write.1.tlog
d:\laba4\progengelab4\debug\progengelab4.tlog\link.command.1.tlog
d:\laba4\progengelab4\debug\progengelab4.tlog\link.read.1.tlog
d:\laba4\progengelab4\debug\progengelab4.tlog\link.write.1.tlog
